<?xml version="1.0" encoding="UTF-8"?>
<Site BuildName="(empty)"
	BuildStamp="20230719-0322-Experimental"
	Name="(empty)"
	Generator="ctest-3.16.3"
	CompilerName=""
	CompilerVersion=""
	OSName="Linux"
	Hostname="ubuntu"
	OSRelease="5.15.0-76-generic"
	OSVersion="#83~20.04.1-Ubuntu SMP Wed Jun 21 20:23:31 UTC 2023"
	OSPlatform="x86_64"
	Is64Bits="1"
	VendorString="GenuineIntel"
	VendorID="Intel Corporation"
	FamilyID="6"
	ModelID="140"
	ProcessorCacheSize="8192"
	NumberOfLogicalCPU="4"
	NumberOfPhysicalCPU="4"
	TotalVirtualMemory="923"
	TotalPhysicalMemory="3877"
	LogicalProcessorsPerPhysical="1"
	ProcessorClockFrequency="2496.01"
	>
	<Testing>
		<StartDateTime>Jul 19 11:22 CST</StartDateTime>
		<StartTestTime>1689736929</StartTestTime>
		<TestList/>
		<EndDateTime>Jul 19 11:22 CST</EndDateTime>
		<EndTestTime>1689736929</EndTestTime>
		<ElapsedMinutes>0</ElapsedMinutes>
	</Testing>
</Site>
